xrun: 20.09-s003: (c) Copyright 1995-2020 Cadence Design Systems, Inc.
TOOL:	xrun	20.09-s003: Started on Nov 24, 2023 at 10:35:13 EST
xrun
	-Q
	-unbuffered
	-timescale 1ns/1ns
	-sysv
	-access +rw
	-uvmnocdnsextra
	-uvmhome /xcelium20.09/tools//methodology/UVM/CDNS-1.2/sv
	/xcelium20.09/tools//methodology/UVM/CDNS-1.2/sv/src/uvm_macros.svh
	design.sv
	testbench.sv
	Top level design units:
		uvm_pkg
		$unit_0x67f934e9
		seq_test
xmelab: *W,DSEMEL: This SystemVerilog design will be simulated as per IEEE 1800-2009 SystemVerilog simulation semantics. Use -disable_sem2009 option for turning off SV 2009 simulation semantics.
Loading snapshot worklib.seq_test:sv .................... Done
SVSEED default: 1
xmsim: *W,RNDXCELON: A newer version of the SystemVerilog constraint solver is being used which has better support for array-solving, new solve-order mechanism, and seed stability enhancements..
xmsim: *W,DSEM2009: This SystemVerilog design is simulated as per IEEE 1800-2009 SystemVerilog simulation semantics. Use -disable_sem2009 option for turning off SV 2009 simulation semantics.
xcelium> source /xcelium20.09/tools/xcelium/files/xmsimrc
xcelium> source /xcelium20.09/tools//methodology/UVM/CDNS-1.2/sv/files/tcl/uvm_sim.tcl
xcelium> run
UVM_INFO /xcelium20.09/tools//methodology/UVM/CDNS-1.2/sv/src/base/uvm_root.svh(412) @ 0: reporter [UVM/RELNOTES] 
----------------------------------------------------------------
CDNS-UVM-1.2 (20.09-s003)
(C) 2007-2014 Mentor Graphics Corporation
(C) 2007-2014 Cadence Design Systems, Inc.
(C) 2006-2014 Synopsys, Inc.
(C) 2011-2013 Cypress Semiconductor Corp.
(C) 2013-2014 NVIDIA Corporation
----------------------------------------------------------------

  ***********       IMPORTANT RELEASE NOTES         ************

  You are using a version of the UVM library that has been compiled
  with `UVM_NO_DEPRECATED undefined.
  See http://www.eda.org/svdb/view.php?id=3313 for more details.

  You are using a version of the UVM library that has been compiled
  with `UVM_OBJECT_DO_NOT_NEED_CONSTRUCTOR undefined.
  See http://www.eda.org/svdb/view.php?id=3770 for more details.

      (Specify +UVM_NO_RELNOTES to turn off this notice)

UVM_INFO @ 0: reporter [RNTST] Running test seq_top...
UVM_INFO @ 0: uvm_test_top [uvm_test_top] End of elaboration
--------------------------------------------------------------
Name                       Type                    Size  Value
--------------------------------------------------------------
uvm_test_top               seq_top                 -     @1850
  env                      seq_env                 -     @1917
    agent                  seq_agent               -     @1949
      driver               seq_driver              -     @1981
        rsp_port           uvm_analysis_port       -     @2086
        seq_item_port      uvm_seq_item_pull_port  -     @2034
      monitor              seq_monitor             -     @2770
      seq                  seq_sequencer           -     @2119
        rsp_export         uvm_analysis_export     -     @2179
        seq_item_export    uvm_seq_item_pull_imp   -     @2739
        arbitration_queue  array                   0     -    
        lock_queue         array                   0     -    
        num_last_reqs      integral                32    'd1  
        num_last_rsps      integral                32    'd1  
--------------------------------------------------------------
UVM_INFO seq_monitor.sv(38) @ 0: uvm_test_top.env.agent.monitor [uvm_test_top.env.agent.monitor] in=0,out=x
UVM_INFO seq_driver.sv(31) @ 0: uvm_test_top.env.agent.driver [uvm_test_top.env.agent.driver] in=x,out=x
UVM_INFO seq_driver.sv(31) @ 5: uvm_test_top.env.agent.driver [uvm_test_top.env.agent.driver] in=0,out=0
UVM_INFO seq_monitor.sv(38) @ 10: uvm_test_top.env.agent.monitor [uvm_test_top.env.agent.monitor] in=0,out=0
UVM_INFO seq_driver.sv(31) @ 10: uvm_test_top.env.agent.driver [uvm_test_top.env.agent.driver] in=0,out=0
UVM_INFO seq_driver.sv(31) @ 15: uvm_test_top.env.agent.driver [uvm_test_top.env.agent.driver] in=1,out=0
UVM_INFO seq_monitor.sv(38) @ 20: uvm_test_top.env.agent.monitor [uvm_test_top.env.agent.monitor] in=1,out=0
UVM_INFO seq_driver.sv(31) @ 20: uvm_test_top.env.agent.driver [uvm_test_top.env.agent.driver] in=1,out=0
UVM_INFO seq_driver.sv(31) @ 25: uvm_test_top.env.agent.driver [uvm_test_top.env.agent.driver] in=0,out=0
UVM_INFO seq_monitor.sv(38) @ 30: uvm_test_top.env.agent.monitor [uvm_test_top.env.agent.monitor] in=1,out=0
UVM_INFO seq_driver.sv(31) @ 30: uvm_test_top.env.agent.driver [uvm_test_top.env.agent.driver] in=1,out=0
UVM_INFO seq_driver.sv(31) @ 35: uvm_test_top.env.agent.driver [uvm_test_top.env.agent.driver] in=0,out=0
UVM_INFO seq_monitor.sv(38) @ 40: uvm_test_top.env.agent.monitor [uvm_test_top.env.agent.monitor] in=0,out=0
UVM_INFO seq_driver.sv(31) @ 40: uvm_test_top.env.agent.driver [uvm_test_top.env.agent.driver] in=0,out=0
UVM_INFO seq_driver.sv(31) @ 45: uvm_test_top.env.agent.driver [uvm_test_top.env.agent.driver] in=1,out=0
UVM_INFO seq_monitor.sv(38) @ 50: uvm_test_top.env.agent.monitor [uvm_test_top.env.agent.monitor] in=0,out=0
UVM_INFO seq_driver.sv(31) @ 50: uvm_test_top.env.agent.driver [uvm_test_top.env.agent.driver] in=0,out=0
UVM_INFO seq_driver.sv(31) @ 55: uvm_test_top.env.agent.driver [uvm_test_top.env.agent.driver] in=0,out=0
UVM_INFO seq_monitor.sv(38) @ 60: uvm_test_top.env.agent.monitor [uvm_test_top.env.agent.monitor] in=0,out=0
UVM_INFO seq_driver.sv(31) @ 60: uvm_test_top.env.agent.driver [uvm_test_top.env.agent.driver] in=0,out=0
UVM_INFO seq_driver.sv(31) @ 65: uvm_test_top.env.agent.driver [uvm_test_top.env.agent.driver] in=0,out=0
UVM_INFO seq_monitor.sv(38) @ 70: uvm_test_top.env.agent.monitor [uvm_test_top.env.agent.monitor] in=1,out=0
UVM_INFO seq_driver.sv(31) @ 70: uvm_test_top.env.agent.driver [uvm_test_top.env.agent.driver] in=1,out=0
UVM_INFO seq_driver.sv(31) @ 75: uvm_test_top.env.agent.driver [uvm_test_top.env.agent.driver] in=0,out=0
UVM_INFO seq_monitor.sv(38) @ 80: uvm_test_top.env.agent.monitor [uvm_test_top.env.agent.monitor] in=1,out=0
UVM_INFO seq_driver.sv(31) @ 80: uvm_test_top.env.agent.driver [uvm_test_top.env.agent.driver] in=1,out=0
UVM_INFO seq_driver.sv(31) @ 85: uvm_test_top.env.agent.driver [uvm_test_top.env.agent.driver] in=0,out=0
UVM_INFO seq_monitor.sv(38) @ 90: uvm_test_top.env.agent.monitor [uvm_test_top.env.agent.monitor] in=1,out=0
UVM_INFO seq_driver.sv(31) @ 90: uvm_test_top.env.agent.driver [uvm_test_top.env.agent.driver] in=1,out=0
UVM_INFO seq_driver.sv(31) @ 95: uvm_test_top.env.agent.driver [uvm_test_top.env.agent.driver] in=0,out=0
UVM_INFO seq_monitor.sv(38) @ 100: uvm_test_top.env.agent.monitor [uvm_test_top.env.agent.monitor] in=0,out=0
UVM_INFO /xcelium20.09/tools//methodology/UVM/CDNS-1.2/sv/src/base/uvm_objection.svh(1271) @ 100: reporter [TEST_DONE] 'run' phase is ready to proceed to the 'extract' phase
UVM_INFO /xcelium20.09/tools//methodology/UVM/CDNS-1.2/sv/src/base/uvm_report_server.svh(847) @ 100: reporter [UVM/REPORT/SERVER] 
--- UVM Report Summary ---

** Report counts by severity
UVM_INFO :   35
UVM_WARNING :    0
UVM_ERROR :    0
UVM_FATAL :    0
** Report counts by id
[RNTST]     1
[TEST_DONE]     1
[UVM/RELNOTES]     1
[uvm_test_top]     1
[uvm_test_top.env.agent.driver]    20
[uvm_test_top.env.agent.monitor]    11

Simulation complete via $finish(1) at time 100 NS + 63
/xcelium20.09/tools/methodology/UVM/CDNS-1.2/sv/src/base/uvm_root.svh:543     $finish;
xcelium> exit
TOOL:	xrun	20.09-s003: Exiting on Nov 24, 2023 at 10:35:18 EST  (total: 00:00:05)
